 *I* control file read in successfully
	Tue Mar 19 15:26:32 1996	Test Simulation	Page 1
 *I* reading system specification file
 *I* system specification file successfully read in
	Tue Mar 19 15:26:32 1996	Test Simulation	Page 2


		#     # ####### #       ######  #     #
		##   ## #     # #       #     #  #   # 
		# # # # #     # #       #     #   # #  
		#  #  # #     # #       #     #    #   
		#     # #     # #       #     #    #   
		#     # #     # #       #     #    #   
		#     # ####### ####### ######     #   

		Version 2.10  (Exp ) 1996/03/06 18:16:21 

		Keith Refson
		Department of Earth Sciences
		Parks Road, Oxford OX1 3PR
		keith@earth.ox.ac.uk

		Moldy Copyright (C) Keith Refson 1988, 1992, 1993
		Moldy comes with ABSOLUTELY NO WARRANTY:
		This is free software and you are welcome to
		redistribute it under certain conditions.
		For details see file COPYING included with source.

 System specification read in from file argon.in
 Argon
	Number of molecules              = 108
	Number of sites                  = 1
	Mass                             = 39.948 amu
	Electric Charge                  = 0 Qe
	Argon molecule has no rotational degrees of freedom

 MD cell vectors
	a                                = 17.1191 0 0 A
	b                                = 0 17.1191 0 A
	c                                = 0 0 17.1191 A
 Run parameters
	Final step                       = 5000
	Size of step                     = 0.01 ps
	CPU limit                        = 1e+20 s
 Temperature will be scaled using instantaneous kinetic energy
	No. steps between scalings       = 5
	End scaling at step              = 2500
	Applied Temperature              = 84 K
	Interaction cut-off              = 8.5125 A
	Tue Mar 19 15:26:32 1996	Test Simulation	Page 3
	Alpha parameter for Ewald sum    = -1 A(-1)
	Reciprocal space cut-off         = 0 A(-1)
 Radial distribution functions will be calculated
	Starting at timestep             = 2501
	No. steps between binnings       = 50
	Calculate and print after        = 2500
 New run entitled "Test Simulation" started Tue Mar 19 15:26:32 1996
 *I* Distant potential correction = -49.447049, Pressure correction = -32.664916
 *I* MD cell divided into 729 subcells (9x9x9)
 *I* Neighbour list contains 912 cells
	Tue Mar 19 15:26:54 1996	Test Simulation	Page 4
    Trans KE      Rot KE  Pot Energy  Tot Energy  TTemp  RTemp   Temp h(1,*) h(2,*) h(3,*)     Stress     Stress     Stress
======== Timestep 500      Current values =================================================================================
      114.61           0     -661.46     -546.85   85.1    0.0   85.1  17.12   0.00   0.00      -11.7       4.62      0.187
                                   0                                    0.00  17.12   0.00       4.62       6.83       0.59
                                                                        0.00   0.00  17.12      0.187       0.59       45.5
-------- Rolling averages over last 500 timesteps -------------------------------------------------------------------------
      112.62           0     -668.07     -555.46   83.6    0.0   83.6  17.12   0.00   0.00       2.22      -13.6       1.75
                                   0                                    0.00  17.12   0.00      -13.6      -1.64      -23.1
                                                                        0.00   0.00  17.12       1.75      -23.1      -10.7
-------- Standard deviations ----------------------------------------------------------------------------------------------
      3.6427           0      11.857      13.496    2.7    0.0    2.7   0.00   0.00   0.00       25.7       14.2       19.1
                                   0                                    0.00   0.00   0.00       14.2       41.4       22.3
                                                                        0.00   0.00   0.00       19.1       22.3       34.8
======== Timestep 1000      Current values ================================================================================
      118.41           0     -665.58     -547.17   87.9    0.0   87.9  17.12   0.00   0.00       12.8       18.8      -8.52
                                   0                                    0.00  17.12   0.00       18.8      -7.15      0.142
                                                                        0.00   0.00  17.12      -8.52      0.142        -16
-------- Rolling averages over last 500 timesteps -------------------------------------------------------------------------
      113.16           0     -665.22     -552.07   84.0    0.0   84.0  17.12   0.00   0.00      -1.06       1.14      -4.48
                                   0                                    0.00  17.12   0.00       1.14       7.94       -1.6
                                                                        0.00   0.00  17.12      -4.48       -1.6       -3.3
-------- Standard deviations ----------------------------------------------------------------------------------------------
      3.1419           0      5.9929      6.0009    2.3    0.0    2.3   0.00   0.00   0.00       21.8       17.2       13.2
                                   0                                    0.00   0.00   0.00       17.2       19.8       14.6
                                                                        0.00   0.00   0.00       13.2       14.6       22.2
======== Timestep 1500      Current values ================================================================================
      113.87           0     -666.44     -552.56   84.5    0.0   84.5  17.12   0.00   0.00       3.59       -9.6       17.7
                                   0                                    0.00  17.12   0.00       -9.6      -4.45      -27.1
                                                                        0.00   0.00  17.12       17.7      -27.1         11
-------- Rolling averages over last 500 timesteps -------------------------------------------------------------------------
      113.15           0     -668.95     -555.81   84.0    0.0   84.0  17.12   0.00   0.00        4.7       5.03      -3.66
                                   0                                    0.00  17.12   0.00       5.03      -3.09       5.91
                                                                        0.00   0.00  17.12      -3.66       5.91      -9.98
-------- Standard deviations ----------------------------------------------------------------------------------------------
      2.5191           0      7.0706      7.0682    1.9    0.0    1.9   0.00   0.00   0.00       26.8       13.3       15.1
                                   0                                    0.00   0.00   0.00       13.3       20.9       18.7
                                                                        0.00   0.00   0.00       15.1       18.7       21.9
======== Timestep 2000      Current values ================================================================================
      118.64           0     -674.94      -556.3   88.1    0.0   88.1  17.12   0.00   0.00       8.68       6.92       4.34
                                   0                                    0.00  17.12   0.00       6.92      -27.9      -9.61
                                                                        0.00   0.00  17.12       4.34      -9.61      -9.36
	Tue Mar 19 15:28:14 1996	Test Simulation	Page 5
    Trans KE      Rot KE  Pot Energy  Tot Energy  TTemp  RTemp   Temp h(1,*) h(2,*) h(3,*)     Stress     Stress     Stress
-------- Rolling averages over last 500 timesteps -------------------------------------------------------------------------
      113.18           0     -665.26     -552.08   84.0    0.0   84.0  17.12   0.00   0.00       2.83      0.862        7.4
                                   0                                    0.00  17.12   0.00      0.862       8.63      -2.94
                                                                        0.00   0.00  17.12        7.4      -2.94      0.988
-------- Standard deviations ----------------------------------------------------------------------------------------------
      2.7947           0      7.3998      7.3711    2.1    0.0    2.1   0.00   0.00   0.00       27.9       13.2       13.8
                                   0                                    0.00   0.00   0.00       13.2         19       10.3
                                                                        0.00   0.00   0.00       13.8       10.3       21.1
======== Timestep 2500      Current values ================================================================================
      113.58           0     -663.33     -549.74   84.3    0.0   84.3  17.12   0.00   0.00       18.5      -9.17       2.88
                                   0                                    0.00  17.12   0.00      -9.17        -14       18.4
                                                                        0.00   0.00  17.12       2.88       18.4       19.6
-------- Rolling averages over last 500 timesteps -------------------------------------------------------------------------
      113.07           0     -665.48     -552.41   83.9    0.0   83.9  17.12   0.00   0.00       2.04       11.1       4.86
                                   0                                    0.00  17.12   0.00       11.1      -5.15      -7.27
                                                                        0.00   0.00  17.12       4.86      -7.27       6.31
-------- Standard deviations ----------------------------------------------------------------------------------------------
      2.6673           0      6.8769      6.9119    2.0    0.0    2.0   0.00   0.00   0.00       21.3       12.7       13.4
                                   0                                    0.00   0.00   0.00       12.7       23.1       14.7
                                                                        0.00   0.00   0.00       13.4       14.7       21.1
 *I* Temperature scaling turned off after step 2500
 *I* started accumulating thermodynamic averages on timestep 2501
======== Timestep 3000      Current values ================================================================================
      121.78           0     -672.13     -550.35   90.4    0.0   90.4  17.12   0.00   0.00      -38.8       8.94       29.9
                                   0                                    0.00  17.12   0.00       8.94       5.59        -21
                                                                        0.00   0.00  17.12       29.9        -21      -4.84
-------- Rolling averages over last 500 timesteps -------------------------------------------------------------------------
      112.54           0     -662.69     -550.15   83.6    0.0   83.6  17.12   0.00   0.00       14.5       7.33      0.889
                                   0                                    0.00  17.12   0.00       7.33       0.51      -5.23
                                                                        0.00   0.00  17.12      0.889      -5.23        2.7
-------- Standard deviations ----------------------------------------------------------------------------------------------
      5.9692           0      5.9969     0.21025    4.4    0.0    4.4   0.00   0.00   0.00       19.9       16.1       14.5
                                   0                                    0.00   0.00   0.00       16.1       24.1       13.5
                                                                        0.00   0.00   0.00       14.5       13.5         21
======== Timestep 3500      Current values ================================================================================
      119.43           0     -668.94     -549.51   88.7    0.0   88.7  17.12   0.00   0.00       10.9      -15.1       -4.8
                                   0                                    0.00  17.12   0.00      -15.1       8.06      -8.65
                                                                        0.00   0.00  17.12       -4.8      -8.65      -32.5
-------- Rolling averages over last 500 timesteps -------------------------------------------------------------------------
      114.77           0     -664.72     -549.95   85.2    0.0   85.2  17.12   0.00   0.00      0.694       1.24       6.96
                                   0                                    0.00  17.12   0.00       1.24          5      -3.06
                                                                        0.00   0.00  17.12       6.96      -3.06       6.35
	Tue Mar 19 15:29:29 1996	Test Simulation	Page 6
    Trans KE      Rot KE  Pot Energy  Tot Energy  TTemp  RTemp   Temp h(1,*) h(2,*) h(3,*)     Stress     Stress     Stress
-------- Standard deviations ----------------------------------------------------------------------------------------------
       6.464           0       6.547      0.2507    4.8    0.0    4.8   0.00   0.00   0.00       21.7       13.9       15.9
                                   0                                    0.00   0.00   0.00       13.9       23.5       12.6
                                                                        0.00   0.00   0.00       15.9       12.6       18.3
======== Timestep 4000      Current values ================================================================================
      114.04           0      -663.9     -549.86   84.7    0.0   84.7  17.12   0.00   0.00      -10.3       21.2      -3.94
                                   0                                    0.00  17.12   0.00       21.2       6.79       6.49
                                                                        0.00   0.00  17.12      -3.94       6.49       13.9
-------- Rolling averages over last 500 timesteps -------------------------------------------------------------------------
      114.06           0      -664.2     -550.13   84.7    0.0   84.7  17.12   0.00   0.00       1.02      -9.18       5.13
                                   0                                    0.00  17.12   0.00      -9.18       7.94       1.31
                                                                        0.00   0.00  17.12       5.13       1.31        1.2
-------- Standard deviations ----------------------------------------------------------------------------------------------
      5.5247           0      5.5451     0.20845    4.1    0.0    4.1   0.00   0.00   0.00       18.9       13.2       12.3
                                   0                                    0.00   0.00   0.00       13.2       19.8       15.1
                                                                        0.00   0.00   0.00       12.3       15.1       20.1
======== Timestep 4500      Current values ================================================================================
      107.92           0     -657.56     -549.63   80.1    0.0   80.1  17.12   0.00   0.00       27.1       4.43      -8.28
                                   0                                    0.00  17.12   0.00       4.43       23.1      -10.2
                                                                        0.00   0.00  17.12      -8.28      -10.2       12.1
-------- Rolling averages over last 500 timesteps -------------------------------------------------------------------------
      115.03           0     -665.12     -550.09   85.4    0.0   85.4  17.12   0.00   0.00       7.29      0.831       1.87
                                   0                                    0.00  17.12   0.00      0.831       -3.7       1.42
                                                                        0.00   0.00  17.12       1.87       1.42       4.77
-------- Standard deviations ----------------------------------------------------------------------------------------------
      6.0505           0      6.0715     0.26149    4.5    0.0    4.5   0.00   0.00   0.00         17       18.4         14
                                   0                                    0.00   0.00   0.00       18.4       21.7       13.7
                                                                        0.00   0.00   0.00         14       13.7       23.1
======== Timestep 5000      Current values ================================================================================
      123.96           0     -674.22     -550.26   92.0    0.0   92.0  17.12   0.00   0.00      -30.3         10      -31.2
                                   0                                    0.00  17.12   0.00         10       1.83      -14.1
                                                                        0.00   0.00  17.12      -31.2      -14.1      -23.5
-------- Rolling averages over last 500 timesteps -------------------------------------------------------------------------
      114.61           0      -664.5     -549.89   85.1    0.0   85.1  17.12   0.00   0.00         16      -3.71       2.72
                                   0                                    0.00  17.12   0.00      -3.71     -0.173       1.82
                                                                        0.00   0.00  17.12       2.72       1.82       3.64
-------- Standard deviations ----------------------------------------------------------------------------------------------
      6.1853           0      6.2186     0.28451    4.6    0.0    4.6   0.00   0.00   0.00       20.8       15.5       13.7
                                   0                                    0.00   0.00   0.00       15.5       23.6       20.6
                                                                        0.00   0.00   0.00       13.7       20.6         16
	Tue Mar 19 15:30:44 1996	Test Simulation	Page 7
   Averages over last 2500 timesteps
   Trans KE        =       114.2 +/-      6.1113  kJ/mol
   Rot KE          =           0 +/-           0  kJ/mol
   Pot Energy      =     -664.25 +/-      6.1411,          0 +/-           0  kJ/mol
   Tot Energy      =     -550.04 +/-     0.26601  kJ/mol
   TTemp           =   84.8 +/-    4.5  K
   RTemp           =    0.0 +/-    0.0  K
   Temp            =   84.8 +/-    4.5  K
   h(1,*)          =  17.12 +/-   0.00,  0.00 +/-   0.00,  0.00 +/-   0.00  A
   h(2,*)          =   0.00 +/-   0.00, 17.12 +/-   0.00,  0.00 +/-   0.00  A
   h(3,*)          =   0.00 +/-   0.00,  0.00 +/-   0.00, 17.12 +/-   0.00  A
   Stress          =       7.91 +/-       20.8,    -0.698 +/-       16.5,      3.51 +/-       14.3  Mpa
   Stress          =     -0.698 +/-       16.5,      1.92 +/-       22.9,    -0.748 +/-       15.6  Mpa
   Stress          =       3.51 +/-       14.3,    -0.748 +/-       15.6,      3.73 +/-       19.9  Mpa
   Pressure        =       4.52 +/-       11.8  Mpa
   Virial          =     -62.481 +/-      39.258  kJ/mol
   <F**2>          =     2790.5 +/-     672.46,    2707.9 +/-     631.47,    2839.5 +/-     642.43  N**2/mol
   <N**2>          =          0 +/-          0,         0 +/-          0,         0 +/-          0  (Nm)**2/mol
   Dip Mom         =        0 +/-        0,       0 +/-        0,       0 +/-        0  D
____________________________________________________________________________________________________________________________________
	Radial Distribution Functions	Bin width=0.1
	Ar-Ar RDF
 0.000000 0.000000 0.000000 0.000000 0.000000 0.000000 0.000000 0.000000 0.000000 0.000000 0.000000 0.000000 0.000000 0.000000
 0.000000 0.000000 0.000000 0.000000 0.000000 0.000000 0.000000 0.000000 0.000000 0.000000 0.000000 0.000000 0.000000 0.000000
 0.000000 0.000000 0.000000 0.008278 0.147756 0.731934 1.679294 2.500705 2.940002 2.935227 2.725624 2.326135 1.956447 1.669340
 1.402221 1.194516 1.029435 0.894747 0.791462 0.707519 0.660602 0.602891 0.614683 0.561621 0.578181 0.600775 0.556807 0.596482
 0.622303 0.678695 0.729301 0.760295 0.854689 0.872368 0.984521 1.030832 1.104755 1.176589 1.136206 1.212770 1.271280 1.273792
 1.294933 1.283603 1.297667 1.270707 1.257051 1.151918 1.100711 1.059952 1.016456 0.996895 0.926224 0.865295 0.848670 0.828072
 0.815875 0.811136 0.835673 0.839571 0.832592 0.870152 0.857046 0.880279 0.914954 0.947011 0.998518 1.006689 1.036509 1.066917
 1.068506 1.085858
____________________________________________________________________________________________________________________________________
 *I* Run used 175.40s of CPU time and 253.43s elapsed
