 *I* control file read in successfully
	Tue Mar 19 15:16:43 1996	4 Mg 64 H2O Otay-montmorillonite run 1	Page 1
 *I* reading system specification file
 *I* system specification file successfully read in
 *I* system successfully initialised from lattice start
	Tue Mar 19 15:16:43 1996	4 Mg 64 H2O Otay-montmorillonite run 1	Page 2


		#     # ####### #       ######  #     #
		##   ## #     # #       #     #  #   # 
		# # # # #     # #       #     #   # #  
		#  #  # #     # #       #     #    #   
		#     # #     # #       #     #    #   
		#     # #     # #       #     #    #   
		#     # ####### ####### ######     #   

		Version 2.10  (Exp ) 1996/03/06 18:16:21 

		Keith Refson
		Department of Earth Sciences
		Parks Road, Oxford OX1 3PR
		keith@earth.ox.ac.uk

		Moldy Copyright (C) Keith Refson 1988, 1992, 1993
		Moldy comes with ABSOLUTELY NO WARRANTY:
		This is free software and you are welcome to
		redistribute it under certain conditions.
		For details see file COPYING included with source.

 System specification read in from file 
 water
	Number of molecules              = 64
	Number of sites                  = 4
	Mass                             = 18.0155 amu
	Electric Charge                  = -2.68285e-06 Qe
	Dipole moment                    = 2.1916 D
	Moments of inertia               = 0.614524 1.76954 1.15502 amuA**2
 cation
	Number of molecules              = 4
	Number of sites                  = 1
	Mass                             = 24.3104 amu
	Electric Charge                  = 2.00001 Qe
	cation molecule has no rotational degrees of freedom
 clay
	Number of molecules              = 1
	Number of sites                  = 240
	Mass                             = 4072.18 amu
	Electric Charge                  = -8.00004 Qe
	Dipole moment                    = 175.556 D
	clay molecule has no rotational degrees of freedom
	Tue Mar 19 15:16:43 1996	4 Mg 64 H2O Otay-montmorillonite run 1	Page 3

 MD cell vectors
	a                                = 21.12 0 0 A
	b                                = 1.11933e-15 18.28 0 A
	c                                = 8.99172e-16 8.99172e-16 14.6846 A
 Run parameters
	Final step                       = 1
	Size of step                     = 0 ps
	CPU limit                        = 1e+20 s
 Temperature will be scaled using instantaneous kinetic energy
	No. steps between scalings       = 10
	End scaling at step              = 10000
	Applied Temperature              = 300 K
	Interaction cut-off              = 12.6 A
	Alpha parameter for Ewald sum    = 0.35 A(-1)
	Reciprocal space cut-off         = 2 A(-1)
 Radial distribution functions will be calculated
	Starting at timestep             = 40000
	No. steps between binnings       = 20
	Calculate and print after        = 30000
 New run entitled "4 Mg 64 H2O Otay-montmorillonite run 1" started Tue Mar 19 15:16:43 1996
 *I* Distant potential correction = -0.006564, Pressure correction = -0.009982
 *I* MD cell divided into 960 subcells (12x10x8)
 *I* Neighbour list contains 1400 cells
 *I* Framework has net electric charge of -8 - correction of 201.117 kJmol(-1) added to self energy
 *W* System has net electric charge of -0.00016 - correction of 8.14254e-08 kJmol(-1) added to self energy
 *I* Ewald self-energy = 4773.730122 Kj/mol
 *I* 381 K-vectors included in reciprocal-space sum
	Tue Mar 19 15:16:44 1996	4 Mg 64 H2O Otay-montmorillonite run 1	Page 4
    Trans KE      Rot KE  Pot Energy  Tot Energy  TTemp  RTemp   Temp h(1,*) h(2,*) h(3,*)     Stress     Stress     Stress
======== Timestep 1      Current values ===================================================================================
      162.66      238.47     -5068.5     -9171.2  203.8  298.8  246.5  21.12   0.00   0.00      -11.5       3.53       -895
      4.6092           0     -4508.4               92.4    0.0          0.00  18.28   0.00       3.53       39.8        528
           0           0                            0.0    0.0          0.00   0.00  14.68       -895        528      -38.1
-------- Rolling averages over last 1 timesteps ---------------------------------------------------------------------------
      162.66      238.47     -5068.5     -9171.2  203.8  298.8  246.5  21.12   0.00   0.00      -11.5       3.53       -895
      4.6092           0     -4508.4               92.4    0.0          0.00  18.28   0.00       3.53       39.8        528
           0           0                            0.0    0.0          0.00   0.00  14.68       -895        528      -38.1
-------- Standard deviations ----------------------------------------------------------------------------------------------
           0           0           0           0    0.0    0.0    0.0   0.00   0.00   0.00          0          0          0
           0           0           0                0.0    0.0          0.00   0.00   0.00          0          0          0
           0           0                            0.0    0.0          0.00   0.00   0.00          0          0          0
 *I* Run used 0.90s of CPU time and 1.70s elapsed
