 *I* control file read in successfully
	Tue Mar 19 15:24:49 1996	Example TIPS2 Simulation	Page 1
 *I* reading system specification file
 *W* no potential parameters given between sites 1 and 2
 *W* no potential parameters given between sites 1 and 3
 *W* no potential parameters given between sites 2 and 2
 *W* no potential parameters given between sites 2 and 3
 *W* no potential parameters given between sites 3 and 3
 *I* system specification file successfully read in
	Tue Mar 19 15:24:49 1996	Example TIPS2 Simulation	Page 2


		#     # ####### #       ######  #     #
		##   ## #     # #       #     #  #   # 
		# # # # #     # #       #     #   # #  
		#  #  # #     # #       #     #    #   
		#     # #     # #       #     #    #   
		#     # #     # #       #     #    #   
		#     # ####### ####### ######     #   

		Version 2.10  (Exp ) 1996/03/06 18:16:21 

		Keith Refson
		Department of Earth Sciences
		Parks Road, Oxford OX1 3PR
		keith@earth.ox.ac.uk

		Moldy Copyright (C) Keith Refson 1988, 1992, 1993
		Moldy comes with ABSOLUTELY NO WARRANTY:
		This is free software and you are welcome to
		redistribute it under certain conditions.
		For details see file COPYING included with source.

 System specification read in from file tips2.in
 Water
	Number of molecules              = 64
	Number of sites                  = 4
	Mass                             = 18 amu
	Electric Charge                  = 0 Qe
	Dipole moment                    = 2.23869 D
	Moments of inertia               = 0.610236 1.75618 1.14595 amuA**2

 MD cell vectors
	a                                = 12.4137 0 0 A
	b                                = 0 12.4137 0 A
	c                                = 0 0 12.4137 A
 Run parameters
	Final step                       = 10
	Size of step                     = 0.0005 ps
	CPU limit                        = 1e+20 s
 Temperature will be scaled using instantaneous kinetic energy
	No. steps between scalings       = 10
	End scaling at step              = 500
	Applied Temperature              = 300 K
	Tue Mar 19 15:24:49 1996	Example TIPS2 Simulation	Page 3
	Interaction cut-off              = 7.09427 A
	Alpha parameter for Ewald sum    = 0.478015 A(-1)
	Reciprocal space cut-off         = 3.24205 A(-1)
 Radial distribution functions will be calculated
	Starting at timestep             = 1000000
	No. steps between binnings       = 20
	Calculate and print after        = 5000
 New run entitled "Example TIPS2 Simulation" started Tue Mar 19 15:24:49 1996
 *I* Distant potential correction = -31.531180, Pressure correction = -54.492931
 *I* MD cell divided into 125 subcells (5x5x5)
 *I* Neighbour list contains 94 cells
 *I* Ewald self-energy = 968.356089 Kj/mol
 *I* 570 K-vectors included in reciprocal-space sum
	Tue Mar 19 15:24:51 1996	Example TIPS2 Simulation	Page 4
    Trans KE      Rot KE  Pot Energy  Tot Energy  TTemp  RTemp   Temp h(1,*) h(2,*) h(3,*)     Stress     Stress     Stress
======== Timestep 10      Current values ==================================================================================
      240.18      447.32      -65.41      325.56  300.9  560.4  430.7  12.41   0.00   0.00        455        437       -144
                             -296.54                                    0.00  12.41   0.00        437        654        116
                                                                        0.00   0.00  12.41       -144        116   1.03e+03
-------- Rolling averages over last 10 timesteps --------------------------------------------------------------------------
      237.63      323.63      11.435      325.49  297.7  405.5  351.6  12.41   0.00   0.00        651        532      -13.7
                             -247.21                                    0.00  12.41   0.00        532        864        178
                                                                        0.00   0.00  12.41      -13.7        178   1.21e+03
-------- Standard deviations ----------------------------------------------------------------------------------------------
      1.2436      65.177       39.65    0.098793    1.6   81.7   41.6   0.00   0.00   0.00        271        202        350
                               26.75                                    0.00   0.00   0.00        202        208        125
                                                                        0.00   0.00   0.00        350        125        214
 *I* Run used 1.30s of CPU time and 1.50s elapsed
