 *I* control file read in successfully
	Tue Mar 19 15:15:10 1996	Water_test	Page 1
 *I* reading system specification file
 *W* no potential parameters given between sites 1 and 2
 *W* no potential parameters given between sites 1 and 3
 *W* no potential parameters given between sites 2 and 2
 *W* no potential parameters given between sites 2 and 3
 *W* no potential parameters given between sites 3 and 3
 *I* system specification file successfully read in
	Tue Mar 19 15:15:10 1996	Water_test	Page 2


		#     # ####### #       ######  #     #
		##   ## #     # #       #     #  #   # 
		# # # # #     # #       #     #   # #  
		#  #  # #     # #       #     #    #   
		#     # #     # #       #     #    #   
		#     # #     # #       #     #    #   
		#     # ####### ####### ######     #   

		Version 2.10  (Exp ) 1996/03/06 18:16:21 

		Keith Refson
		Department of Earth Sciences
		Parks Road, Oxford OX1 3PR
		keith@earth.ox.ac.uk

		Moldy Copyright (C) Keith Refson 1988, 1992, 1993
		Moldy comes with ABSOLUTELY NO WARRANTY:
		This is free software and you are welcome to
		redistribute it under certain conditions.
		For details see file COPYING included with source.

 System specification read in from file tips2.in
 Water
	Number of molecules              = 64
	Number of sites                  = 4
	Mass                             = 18 amu
	Electric Charge                  = 0 Qe
	Dipole moment                    = 2.23869 D
	Moments of inertia               = 0.610236 1.75618 1.14595 amuA**2

 MD cell vectors
	a                                = 12.4137 0 0 A
	b                                = 0 12.4137 0 A
	c                                = 0 0 12.4137 A
 Run parameters
	Final step                       = 10
	Size of step                     = 0.0005 ps
	CPU limit                        = 1e+20 s
 Temperature will be scaled using instantaneous kinetic energy
	No. steps between scalings       = 10
	End scaling at step              = 500
	Applied Temperature              = 300 K
	Tue Mar 19 15:15:10 1996	Water_test	Page 3
	Interaction cut-off              = 6.25 A
	Alpha parameter for Ewald sum    = 0.45 A(-1)
	Reciprocal space cut-off         = 3 A(-1)
 New run entitled "Water_test" started Tue Mar 19 15:15:10 1996
 *I* Distant potential correction = -11.021253, Pressure correction = -18.948198
 *I* MD cell divided into 125 subcells (5x5x5)
 *I* Neighbour list contains 82 cells
 *I* Ewald self-energy = 794.119798 Kj/mol
 *I* 447 K-vectors included in reciprocal-space sum
	Tue Mar 19 15:15:11 1996	Water_test	Page 4
    Trans KE      Rot KE  Pot Energy  Tot Energy  TTemp  RTemp   Temp h(1,*) h(2,*) h(3,*)     Stress     Stress     Stress
======== Timestep 10      Current values ==================================================================================
      241.85      446.66     -47.024       393.4  303.0  559.6  431.3  12.41   0.00   0.00      -15.9        254       -172
                             -248.09                                    0.00  12.41   0.00        254        107      -84.6
                                                                        0.00   0.00  12.41       -172      -84.6      -33.9
-------- Rolling averages over last 10 timesteps --------------------------------------------------------------------------
      238.28      323.42       35.98      393.33  298.5  405.2  351.9  12.41   0.00   0.00        177        322      -97.7
                             -204.35                                    0.00  12.41   0.00        322        305      -41.8
                                                                        0.00   0.00  12.41      -97.7      -41.8        152
-------- Standard deviations ----------------------------------------------------------------------------------------------
        1.78      64.953      42.932    0.099594    2.2   81.4   41.8   0.00   0.00   0.00        256        124        186
                              23.783                                    0.00   0.00   0.00        124        173       70.6
                                                                        0.00   0.00   0.00        186       70.6        208
 *I* Run used 1.08s of CPU time and 1.39s elapsed
