 *I* control file read in successfully
	Wed Mar  7 10:49:51 2001	Test Simulation	Page 1
 *I* reading system specification file
 *I* system specification file successfully read in
	Wed Mar  7 10:49:51 2001	Test Simulation	Page 2


		#     # ####### #       ######  #     #
		##   ## #     # #       #     #  #   # 
		# # # # #     # #       #     #   # #  
		#  #  # #     # #       #     #    #   
		#     # #     # #       #     #    #   
		#     # #     # #       #     #    #   
		#     # ####### ####### ######     #   

		Version   (Exp ) 2000/12/11 12:33:24 

		Keith Refson
		Department of Earth Sciences
		Parks Road, Oxford OX1 3PR
		keith@earth.ox.ac.uk

		Moldy Copyright (C) Keith Refson 1988, 1992, 1993
		Moldy comes with ABSOLUTELY NO WARRANTY:
		This is free software and you are welcome to
		redistribute it under certain conditions.
		For details see file COPYING included with source.

 System specification read in from file argon.in
 Argon
	Number of molecules              = 108
	Number of sites                  = 1
	Mass                             = 39.948 amu
	Electric Charge                  = 0 Qe
	Argon molecule has no rotational degrees of freedom

 MD cell vectors
	a                                = 17.1191 0 0 A
	b                                = 0 17.1191 0 A
	c                                = 0 0 17.1191 A
 Run parameters
	Final step                       = 5000
	Size of step                     = 0.01 ps
	CPU limit                        = 1e+20 s
 Temperature will be scaled using instantaneous kinetic energy
	No. steps between scalings       = 5
	End scaling at step              = 2500
	Applied Temperature              = 84 K
 Real-space cutoff will be applied to site co-ordinates
	Wed Mar  7 10:49:51 2001	Test Simulation	Page 3
	Interaction cut-off (strict)     = 8.5125 A
	Alpha parameter for Ewald sum    = -1 A(-1)
	Reciprocal space cut-off         = 0 A(-1)
 Radial distribution functions will be calculated
	Pair cutoff for RDF calculation  = 10 A
	Starting at timestep             = 2501
	No. steps between binnings       = 50
	Calculate and print after        = 2500
 New run entitled "Test Simulation" started Wed Mar  7 10:49:51 2001
 *I* Distant potential correction = -49.447049, Pressure correction = -32.664916
 *I* Intramolecular potential energy correction = 0
 *I* Neighbour list contains 912 cells
 *I* MD cell divided into 729 subcells (9x9x9)
	Wed Mar  7 10:49:55 2001	Test Simulation	Page 4
    Trans KE      Rot KE  Pot Energy  Tot Energy  TTemp  RTemp   Temp h(1,*) h(2,*) h(3,*)     Stress     Stress     Stress
======== Timestep 500      Current values =================================================================================
      114.61           0     -661.46     -546.85   85.1    0.0   85.9  17.12   0.00   0.00      -11.6       4.74    0.00517
                                   0                                    0.00  17.12   0.00       4.74       6.53      0.439
                                                                        0.00   0.00  17.12    0.00517      0.439       45.6
-------- Rolling averages over last 500 timesteps -------------------------------------------------------------------------
      112.62           0     -668.07     -555.46   83.6    0.0   84.4  17.12   0.00   0.00       1.88      -13.6       1.92
                                   0                                    0.00  17.12   0.00      -13.6      -1.63      -23.1
                                                                        0.00   0.00  17.12       1.92      -23.1      -10.4
-------- Standard deviations ----------------------------------------------------------------------------------------------
      3.6427           0      11.857      13.496    2.7    0.0    2.7   0.00   0.00   0.00       25.5       13.4       18.4
                                   0                                    0.00   0.00   0.00       13.4       41.1       22.1
                                                                        0.00   0.00   0.00       18.4       22.1       34.6
======== Timestep 1000      Current values ================================================================================
      118.41           0     -665.58     -547.17   87.9    0.0   88.7  17.12   0.00   0.00       12.8       18.8      -8.43
                                   0                                    0.00  17.12   0.00       18.8      -6.86      0.109
                                                                        0.00   0.00  17.12      -8.43      0.109        -16
-------- Rolling averages over last 500 timesteps -------------------------------------------------------------------------
      113.16           0     -665.22     -552.07   84.0    0.0   84.8  17.12   0.00   0.00     -0.855       1.41      -4.25
                                   0                                    0.00  17.12   0.00       1.41       7.93      -1.93
                                                                        0.00   0.00  17.12      -4.25      -1.93      -3.17
-------- Standard deviations ----------------------------------------------------------------------------------------------
      3.1419           0      5.9929      6.0009    2.3    0.0    2.4   0.00   0.00   0.00       20.4       16.4       12.5
                                   0                                    0.00   0.00   0.00       16.4       18.6       14.2
                                                                        0.00   0.00   0.00       12.5       14.2       21.5
======== Timestep 1500      Current values ================================================================================
      113.87           0     -666.44     -552.56   84.5    0.0   85.3  17.12   0.00   0.00       3.33       -9.6       17.8
                                   0                                    0.00  17.12   0.00       -9.6      -4.17      -27.2
                                                                        0.00   0.00  17.12       17.8      -27.2       10.9
-------- Rolling averages over last 500 timesteps -------------------------------------------------------------------------
      113.15           0     -668.95     -555.81   84.0    0.0   84.8  17.12   0.00   0.00       4.72       5.07      -3.73
                                   0                                    0.00  17.12   0.00       5.07      -2.82       5.92
                                                                        0.00   0.00  17.12      -3.73       5.92      -10.2
-------- Standard deviations ----------------------------------------------------------------------------------------------
      2.5191           0      7.0706      7.0682    1.9    0.0    1.9   0.00   0.00   0.00       26.5         12         14
                                   0                                    0.00   0.00   0.00         12       20.3       17.9
                                                                        0.00   0.00   0.00         14       17.9       20.9
======== Timestep 2000      Current values ================================================================================
      118.44           0      -672.8     -554.35   87.9    0.0   88.8  17.12   0.00   0.00        8.5        5.4       4.17
                                   0                                    0.00  17.12   0.00        5.4      -18.4      -12.4
                                                                        0.00   0.00  17.12       4.17      -12.4       -6.7
	Wed Mar  7 10:50:07 2001	Test Simulation	Page 5
    Trans KE      Rot KE  Pot Energy  Tot Energy  TTemp  RTemp   Temp h(1,*) h(2,*) h(3,*)     Stress     Stress     Stress
-------- Rolling averages over last 500 timesteps -------------------------------------------------------------------------
      113.17           0     -665.15     -551.98   84.0    0.0   84.8  17.12   0.00   0.00       2.76       1.57       8.55
                                   0                                    0.00  17.12   0.00       1.57       9.12      -2.96
                                                                        0.00   0.00  17.12       8.55      -2.96      0.768
-------- Standard deviations ----------------------------------------------------------------------------------------------
      2.8066           0      7.4563      7.4396    2.1    0.0    2.1   0.00   0.00   0.00       27.8       11.9       13.2
                                   0                                    0.00   0.00   0.00       11.9       18.1       10.1
                                                                        0.00   0.00   0.00       13.2       10.1       20.5
======== Timestep 2500      Current values ================================================================================
      110.94           0     -664.97     -554.03   82.4    0.0   83.1  17.12   0.00   0.00       4.33       -1.6       7.99
                                   0                                    0.00  17.12   0.00       -1.6      -0.94      -15.7
                                                                        0.00   0.00  17.12       7.99      -15.7     -0.515
-------- Rolling averages over last 500 timesteps -------------------------------------------------------------------------
       113.1           0      -665.6     -552.49   84.0    0.0   84.8  17.12   0.00   0.00       10.2       4.68       7.61
                                   0                                    0.00  17.12   0.00       4.68     -0.771      -7.24
                                                                        0.00   0.00  17.12       7.61      -7.24      -6.92
-------- Standard deviations ----------------------------------------------------------------------------------------------
      2.7741           0       6.021      6.0408    2.1    0.0    2.1   0.00   0.00   0.00       20.6       11.1         14
                                   0                                    0.00   0.00   0.00       11.1       19.7       15.1
                                                                        0.00   0.00   0.00         14       15.1       17.8
 *I* Temperature scaling turned off after step 2500
 *I* started accumulating thermodynamic averages on timestep 2501
======== Timestep 3000      Current values ================================================================================
      109.92           0     -661.44     -551.52   81.6    0.0   82.4  17.12   0.00   0.00         18      -18.8     -0.814
                                   0                                    0.00  17.12   0.00      -18.8         25       31.4
                                                                        0.00   0.00  17.12     -0.814       31.4      -20.4
-------- Rolling averages over last 500 timesteps -------------------------------------------------------------------------
      113.28           0     -665.04     -551.76   84.1    0.0   84.9  17.12   0.00   0.00      -5.47       8.99       3.77
                                   0                                    0.00  17.12   0.00       8.99       14.7       2.51
                                                                        0.00   0.00  17.12       3.77       2.51     -0.379
-------- Standard deviations ----------------------------------------------------------------------------------------------
      5.3119           0      5.3461       0.209    3.9    0.0    4.0   0.00   0.00   0.00       15.9       15.5       10.2
                                   0                                    0.00   0.00   0.00       15.5       24.1       13.4
                                                                        0.00   0.00   0.00       10.2       13.4         16
======== Timestep 3500      Current values ================================================================================
      116.01           0     -668.03     -552.02   86.1    0.0   86.9  17.12   0.00   0.00       3.22       23.8      -16.7
                                   0                                    0.00  17.12   0.00       23.8      -16.3       -5.6
                                                                        0.00   0.00  17.12      -16.7       -5.6      -5.77
-------- Rolling averages over last 500 timesteps -------------------------------------------------------------------------
      112.99           0     -664.68     -551.68   83.9    0.0   84.7  17.12   0.00   0.00     -0.786      -2.32      -3.63
                                   0                                    0.00  17.12   0.00      -2.32       4.09     0.0953
                                                                        0.00   0.00  17.12      -3.63     0.0953       4.59
	Wed Mar  7 10:50:19 2001	Test Simulation	Page 6
    Trans KE      Rot KE  Pot Energy  Tot Energy  TTemp  RTemp   Temp h(1,*) h(2,*) h(3,*)     Stress     Stress     Stress
-------- Standard deviations ----------------------------------------------------------------------------------------------
      5.4294           0      5.4794     0.21747    4.0    0.0    4.1   0.00   0.00   0.00       19.3       16.7       17.1
                                   0                                    0.00   0.00   0.00       16.7         18       13.4
                                                                        0.00   0.00   0.00       17.1       13.4       16.7
======== Timestep 4000      Current values ================================================================================
      112.27           0     -664.21     -551.95   83.4    0.0   84.1  17.12   0.00   0.00      -17.5        3.5      -37.7
                                   0                                    0.00  17.12   0.00        3.5       11.2       11.1
                                                                        0.00   0.00  17.12      -37.7       11.1       6.93
-------- Rolling averages over last 500 timesteps -------------------------------------------------------------------------
      114.54           0     -666.37     -551.83   85.0    0.0   85.8  17.12   0.00   0.00      -6.96       1.96      -1.86
                                   0                                    0.00  17.12   0.00       1.96      -4.01      -4.32
                                                                        0.00   0.00  17.12      -1.86      -4.32       6.34
-------- Standard deviations ----------------------------------------------------------------------------------------------
      5.3281           0       5.307     0.16468    4.0    0.0    4.0   0.00   0.00   0.00       16.5       15.2       15.9
                                   0                                    0.00   0.00   0.00       15.2       16.8       14.7
                                                                        0.00   0.00   0.00       15.9       14.7         20
======== Timestep 4500      Current values ================================================================================
      105.41           0     -657.18     -551.77   78.3    0.0   79.0  17.12   0.00   0.00       14.5       8.06       11.3
                                   0                                    0.00  17.12   0.00       8.06       27.5     0.0592
                                                                        0.00   0.00  17.12       11.3     0.0592       8.07
-------- Rolling averages over last 500 timesteps -------------------------------------------------------------------------
      111.42           0     -663.24     -551.83   82.7    0.0   83.5  17.12   0.00   0.00       4.69      -1.46       1.85
                                   0                                    0.00  17.12   0.00      -1.46       9.45      -3.48
                                                                        0.00   0.00  17.12       1.85      -3.48       3.19
-------- Standard deviations ----------------------------------------------------------------------------------------------
      4.6137           0      4.6043      0.1884    3.4    0.0    3.5   0.00   0.00   0.00       18.2       11.9       12.3
                                   0                                    0.00   0.00   0.00       11.9       18.8       16.2
                                                                        0.00   0.00   0.00       12.3       16.2         16
======== Timestep 5000      Current values ================================================================================
      114.88           0      -666.5     -551.61   85.3    0.0   86.1  17.12   0.00   0.00      -2.22       10.9       20.1
                                   0                                    0.00  17.12   0.00       10.9       37.5       10.5
                                                                        0.00   0.00  17.12       20.1       10.5      -27.8
-------- Rolling averages over last 500 timesteps -------------------------------------------------------------------------
      115.13           0     -666.99     -551.85   85.5    0.0   86.3  17.12   0.00   0.00      -5.66       -4.1      -1.21
                                   0                                    0.00  17.12   0.00       -4.1      -1.15       5.45
                                                                        0.00   0.00  17.12      -1.21       5.45       3.27
-------- Standard deviations ----------------------------------------------------------------------------------------------
      5.1361           0      5.1722      0.1907    3.8    0.0    3.8   0.00   0.00   0.00       21.3       11.2       14.7
                                   0                                    0.00   0.00   0.00       11.2       17.7       15.9
                                                                        0.00   0.00   0.00       14.7       15.9       21.4
	Wed Mar  7 10:50:31 2001	Test Simulation	Page 7
   Averages over last 2500 timesteps
   Trans KE        =      113.47 +/-      5.3321  kJ/mol
   Rot KE          =           0 +/-           0  kJ/mol
   Pot Energy      =     -665.26 +/-      5.3553,          0 +/-           0  kJ/mol
   Tot Energy      =     -551.79 +/-     0.20447  kJ/mol
   TTemp           =   84.2 +/-    4.0  K
   RTemp           =    0.0 +/-    0.0  K
   Temp            =   85.0 +/-    4.0  K
   h(1,*)          =  17.12 +/-   0.00,  0.00 +/-   0.00,  0.00 +/-   0.00  A
   h(2,*)          =   0.00 +/-   0.00, 17.12 +/-   0.00,  0.00 +/-   0.00  A
   h(3,*)          =   0.00 +/-   0.00,  0.00 +/-   0.00, 17.12 +/-   0.00  A
   Stress          =      -2.84 +/-       18.8,      0.61 +/-         15,    -0.215 +/-       14.5  MPa
   Stress          =       0.61 +/-         15,      4.63 +/-       20.4,    0.0508 +/-       15.2  MPa
   Stress          =     -0.215 +/-       14.5,    0.0508 +/-       15.2,       3.4 +/-       18.3  MPa
   Pressure        =       1.73 +/-       9.54  MPa
   Virial          =     -70.419 +/-      32.192  kJ/mol
   <F**2>          =     2709.9 +/-     655.96,    2775.5 +/-      663.5,    2805.8 +/-     681.98  N**2/mol
   <N**2>          =          0 +/-          0,         0 +/-          0,         0 +/-          0  (Nm)**2/mol
   Dip Mom         =        0 +/-        0,       0 +/-        0,       0 +/-        0  D
____________________________________________________________________________________________________________________________________
	Radial Distribution Functions	Bin width=0.1
	Ar-Ar RDF
 0.000000 0.000000 0.000000 0.000000 0.000000 0.000000 0.000000 0.000000 0.000000 0.000000 0.000000 0.000000 0.000000 0.000000
 0.000000 0.000000 0.000000 0.000000 0.000000 0.000000 0.000000 0.000000 0.000000 0.000000 0.000000 0.000000 0.000000 0.000000
 0.000000 0.000000 0.000000 0.016556 0.117946 0.689238 1.637887 2.490928 3.040708 3.019925 2.699762 2.327013 1.924730 1.646287
 1.397673 1.200304 1.032201 0.881521 0.809191 0.756669 0.602981 0.607361 0.593209 0.580204 0.561293 0.566336 0.620415 0.584037
 0.623161 0.662132 0.711299 0.786592 0.831498 0.884676 0.971203 1.077349 1.115944 1.191587 1.194719 1.171002 1.262527 1.253951
 1.278956 1.299940 1.265630 1.254995 1.196616 1.181460 1.117087 1.043312 1.038896 0.959636 0.941646 0.903015 0.863757 0.857919
 0.828722 0.816567 0.811337 0.804879 0.833640 0.847932 0.884628 0.879952 0.939596 0.954842 0.980121 1.017198 1.043272 1.065909
 1.081630 1.088209
____________________________________________________________________________________________________________________________________
 *I* Run used 38.30s of CPU time and 41.21s elapsed
