 *I* control file read in successfully
	Fri Aug 23 16:31:04 1991	Water_test	Page 1
 *I* reading system specification file
 *W* no potential parameters given between sites 1 and 2
 *W* no potential parameters given between sites 1 and 3
 *W* no potential parameters given between sites 2 and 2
 *W* no potential parameters given between sites 2 and 3
 *W* no potential parameters given between sites 3 and 3
 *I* system specification file successfully read in
	Fri Aug 23 16:31:04 1991	Water_test	Page 2


		#     # ####### #       ######  #     #
		##   ## #     # #       #     #  #   # 
		# # # # #     # #       #     #   # #  
		#  #  # #     # #       #     #    #   
		#     # #     # #       #     #    #   
		#     # #     # #       #     #    #   
		#     # ####### ####### ######     #   

		Version 1.16  (Exp ) 91/08/14 14:23:58 

		Keith Refson
		Department of Earth Sciences
		Parks Road, Oxford OX1 3PR
		keith@uk.ac.ox.earth  (JANET)
		keith@earth.ox.ac.uk  (NSFNET/EARN/BITNET)

		Copyright Keith Refson 1988
		

 System specification read in from file tips2.in
 Water
	Number of molecules              = 64
	Number of sites                  = 4
	Mass                             = 18 amu
	Electric Charge                  = 0 Qe
	Dipole moment                    = 2.23869 D
	Moments of inertia               = 0.610236 1.75618 1.14595 amuA**2

 MD cell vectors
	a                                = 12.4137 0 0 A
	b                                = 0 12.4137 0 A
	c                                = 0 0 12.4137 A
 Run parameters
	Final step                       = 10
	Size of step                     = 0.0005 ps
	CPU limit                        = 1e+20 s
 Velocities will be scaled
	Applied Temperature              = 300 K
	No. steps between scalings       = 10
	End scaling at step              = 500
	Interaction cut-off              = 6.25 A
	Alpha parameter for Ewald sum    = 0.45 A(-1)
	Fri Aug 23 16:31:04 1991	Water_test	Page 3
	Reciprocal space cut-off         = 3 A(-1)
 New run entitled "Water_test" started Fri Aug 23 16:31:04 1991
 *I* Distant potential correction = -11.021086, Pressure correction = -9.566914
 *I* MD cell divided into 125 subcells (5x5x5)
 *I* Neighbour list contains 82 cells
 *I* Ewald self-energy = 794.120929 Kj/mol
	Fri Aug 23 16:31:21 1991	Water_test	Page 4
    Trans KE      Rot KE  Pot Energy  Tot Energy  TTemp  RTemp   Temp h(1,*) h(2,*) h(3,*)     Stress     Stress     Stress
======== Timestep 10      Current values ==================================================================================
      241.85      446.65     -47.021      393.39  303.0  559.6  431.3  12.41   0.00   0.00       2.99        254       -172
                             -248.08                                    0.00  12.41   0.00        254        126      -84.6
                                                                        0.00   0.00  12.41       -172      -84.6        -15
-------- Rolling averages over last 10 timesteps --------------------------------------------------------------------------
      238.28      323.41       35.98      393.32  298.5  405.2  351.9  12.41   0.00   0.00        196        322      -97.7
                             -204.35                                    0.00  12.41   0.00        322        324      -41.8
                                                                        0.00   0.00  12.41      -97.7      -41.8        171
-------- Standard deviations ----------------------------------------------------------------------------------------------
      1.7799      64.951       42.93    0.099591    2.2   81.4   41.8   0.00   0.00   0.00        256        124        186
                              23.782                                    0.00   0.00   0.00        124        173       70.6
                                                                        0.00   0.00   0.00        186       70.6        208
 *I* Run used 17.05s of CPU time and 18.17s elapsed
